{"D:\\CCP\\CCP555-2025F-NSC-Daniel-Park-dpark39-Lab2\\fragments\\src\\app.js": {"path":"D:\\CCP\\CCP555-2025F-NSC-Daniel-Park-dpark39-Lab2\\fragments\\src\\app.js","statementMap":{"0":{"start":{"line":1,"column":0},"end":{"line":3,"column":1}},"1":{"start":{"line":2,"column":2},"end":{"line":2,"column":29}},"2":{"start":{"line":5,"column":16},"end":{"line":5,"column":34}},"3":{"start":{"line":6,"column":17},"end":{"line":6,"column":36}},"4":{"start":{"line":7,"column":13},"end":{"line":7,"column":28}},"5":{"start":{"line":8,"column":15},"end":{"line":8,"column":32}},"6":{"start":{"line":9,"column":20},"end":{"line":9,"column":42}},"7":{"start":{"line":11,"column":21},"end":{"line":11,"column":38}},"8":{"start":{"line":12,"column":15},"end":{"line":12,"column":34}},"9":{"start":{"line":13,"column":13},"end":{"line":13,"column":45}},"10":{"start":{"line":15,"column":12},"end":{"line":15,"column":21}},"11":{"start":{"line":18,"column":0},"end":{"line":18,"column":14}},"12":{"start":{"line":19,"column":0},"end":{"line":19,"column":18}},"13":{"start":{"line":20,"column":0},"end":{"line":20,"column":16}},"14":{"start":{"line":21,"column":0},"end":{"line":21,"column":23}},"15":{"start":{"line":24,"column":0},"end":{"line":24,"column":38}},"16":{"start":{"line":25,"column":0},"end":{"line":25,"column":31}},"17":{"start":{"line":28,"column":0},"end":{"line":28,"column":34}},"18":{"start":{"line":45,"column":0},"end":{"line":47,"column":1}},"19":{"start":{"line":46,"column":2},"end":{"line":46,"column":65}},"20":{"start":{"line":49,"column":0},"end":{"line":49,"column":21}}},"fnMap":{},"branchMap":{"0":{"loc":{"start":{"line":1,"column":0},"end":{"line":3,"column":1}},"type":"if","locations":[{"start":{"line":1,"column":0},"end":{"line":3,"column":1}},{"start":{},"end":{}}],"line":1},"1":{"loc":{"start":{"line":45,"column":0},"end":{"line":47,"column":1}},"type":"if","locations":[{"start":{"line":45,"column":0},"end":{"line":47,"column":1}},{"start":{},"end":{}}],"line":45}},"s":{"0":6,"1":0,"2":6,"3":6,"4":6,"5":6,"6":6,"7":6,"8":6,"9":6,"10":6,"11":6,"12":6,"13":6,"14":6,"15":6,"16":6,"17":6,"18":6,"19":0,"20":6},"f":{},"b":{"0":[0,6],"1":[0,6]},"_coverageSchema":"1a1c01bbd47fc00a2c39e90264f33305004495a9","hash":"b1386774a1ceabf1405eea697bc928a97e419f29"}
,"D:\\CCP\\CCP555-2025F-NSC-Daniel-Park-dpark39-Lab2\\fragments\\src\\hash.js": {"path":"D:\\CCP\\CCP555-2025F-NSC-Daniel-Park-dpark39-Lab2\\fragments\\src\\hash.js","statementMap":{"0":{"start":{"line":1,"column":15},"end":{"line":1,"column":32}},"1":{"start":{"line":2,"column":0},"end":{"line":2,"column":90}},"2":{"start":{"line":2,"column":28},"end":{"line":2,"column":89}}},"fnMap":{"0":{"name":"(anonymous_0)","decl":{"start":{"line":2,"column":17},"end":{"line":2,"column":18}},"loc":{"start":{"line":2,"column":28},"end":{"line":2,"column":89}},"line":2}},"branchMap":{"0":{"loc":{"start":{"line":2,"column":63},"end":{"line":2,"column":74}},"type":"binary-expr","locations":[{"start":{"line":2,"column":63},"end":{"line":2,"column":68}},{"start":{"line":2,"column":72},"end":{"line":2,"column":74}}],"line":2}},"s":{"0":11,"1":11,"2":14},"f":{"0":14},"b":{"0":[14,0]},"_coverageSchema":"1a1c01bbd47fc00a2c39e90264f33305004495a9","hash":"651a84f7a858245abc6530857192979a2c5b42c8"}
,"D:\\CCP\\CCP555-2025F-NSC-Daniel-Park-dpark39-Lab2\\fragments\\src\\logger.js": {"path":"D:\\CCP\\CCP555-2025F-NSC-Daniel-Park-dpark39-Lab2\\fragments\\src\\logger.js","statementMap":{"0":{"start":{"line":1,"column":13},"end":{"line":1,"column":28}},"1":{"start":{"line":3,"column":16},"end":{"line":3,"column":58}},"2":{"start":{"line":13,"column":0},"end":{"line":13,"column":31}}},"fnMap":{},"branchMap":{"0":{"loc":{"start":{"line":3,"column":25},"end":{"line":3,"column":56}},"type":"binary-expr","locations":[{"start":{"line":3,"column":25},"end":{"line":3,"column":46}},{"start":{"line":3,"column":50},"end":{"line":3,"column":56}}],"line":3}},"s":{"0":10,"1":10,"2":10},"f":{},"b":{"0":[10,0]},"_coverageSchema":"1a1c01bbd47fc00a2c39e90264f33305004495a9","hash":"1fdbb5101e2386f604d04613b6f0c57707ed733b"}
,"D:\\CCP\\CCP555-2025F-NSC-Daniel-Park-dpark39-Lab2\\fragments\\src\\response.js": {"path":"D:\\CCP\\CCP555-2025F-NSC-Daniel-Park-dpark39-Lab2\\fragments\\src\\response.js","statementMap":{"0":{"start":{"line":2,"column":0},"end":{"line":4,"column":2}},"1":{"start":{"line":3,"column":2},"end":{"line":3,"column":43}},"2":{"start":{"line":6,"column":0},"end":{"line":8,"column":2}},"3":{"start":{"line":7,"column":2},"end":{"line":7,"column":55}}},"fnMap":{"0":{"name":"(anonymous_0)","decl":{"start":{"line":2,"column":39},"end":{"line":2,"column":40}},"loc":{"start":{"line":2,"column":55},"end":{"line":4,"column":1}},"line":2},"1":{"name":"(anonymous_1)","decl":{"start":{"line":6,"column":37},"end":{"line":6,"column":38}},"loc":{"start":{"line":6,"column":62},"end":{"line":8,"column":1}},"line":6}},"branchMap":{"0":{"loc":{"start":{"line":3,"column":29},"end":{"line":3,"column":39}},"type":"binary-expr","locations":[{"start":{"line":3,"column":29},"end":{"line":3,"column":33}},{"start":{"line":3,"column":37},"end":{"line":3,"column":39}}],"line":3}},"s":{"0":7,"1":8,"2":7,"3":5},"f":{"0":8,"1":5},"b":{"0":[8,2]},"_coverageSchema":"1a1c01bbd47fc00a2c39e90264f33305004495a9","hash":"2820a8b6d114777ffe7c9c46e2a64b0fc42483d4"}
,"D:\\CCP\\CCP555-2025F-NSC-Daniel-Park-dpark39-Lab2\\fragments\\src\\auth\\auth-middleware.js": {"path":"D:\\CCP\\CCP555-2025F-NSC-Daniel-Park-dpark39-Lab2\\fragments\\src\\auth\\auth-middleware.js","statementMap":{"0":{"start":{"line":1,"column":17},"end":{"line":1,"column":36}},"1":{"start":{"line":2,"column":18},"end":{"line":2,"column":36}},"2":{"start":{"line":4,"column":0},"end":{"line":33,"column":2}},"3":{"start":{"line":4,"column":31},"end":{"line":33,"column":1}},"4":{"start":{"line":5,"column":17},"end":{"line":30,"column":3}},"5":{"start":{"line":6,"column":4},"end":{"line":9,"column":5}},"6":{"start":{"line":7,"column":6},"end":{"line":7,"column":44}},"7":{"start":{"line":8,"column":6},"end":{"line":8,"column":23}},"8":{"start":{"line":11,"column":4},"end":{"line":16,"column":5}},"9":{"start":{"line":12,"column":6},"end":{"line":12,"column":59}},"10":{"start":{"line":13,"column":6},"end":{"line":15,"column":82}},"11":{"start":{"line":18,"column":18},"end":{"line":18,"column":62}},"12":{"start":{"line":20,"column":4},"end":{"line":25,"column":5}},"13":{"start":{"line":21,"column":6},"end":{"line":21,"column":59}},"14":{"start":{"line":22,"column":6},"end":{"line":24,"column":82}},"15":{"start":{"line":27,"column":4},"end":{"line":27,"column":52}},"16":{"start":{"line":28,"column":4},"end":{"line":28,"column":64}},"17":{"start":{"line":29,"column":4},"end":{"line":29,"column":18}},"18":{"start":{"line":32,"column":2},"end":{"line":32,"column":85}}},"fnMap":{"0":{"name":"(anonymous_0)","decl":{"start":{"line":4,"column":17},"end":{"line":4,"column":18}},"loc":{"start":{"line":4,"column":31},"end":{"line":33,"column":1}},"line":4},"1":{"name":"(anonymous_1)","decl":{"start":{"line":4,"column":31},"end":{"line":4,"column":32}},"loc":{"start":{"line":4,"column":51},"end":{"line":33,"column":1}},"line":4},"2":{"name":"(anonymous_2)","decl":{"start":{"line":5,"column":17},"end":{"line":5,"column":18}},"loc":{"start":{"line":5,"column":32},"end":{"line":30,"column":3}},"line":5}},"branchMap":{"0":{"loc":{"start":{"line":6,"column":4},"end":{"line":9,"column":5}},"type":"if","locations":[{"start":{"line":6,"column":4},"end":{"line":9,"column":5}},{"start":{},"end":{}}],"line":6},"1":{"loc":{"start":{"line":11,"column":4},"end":{"line":16,"column":5}},"type":"if","locations":[{"start":{"line":11,"column":4},"end":{"line":16,"column":5}},{"start":{},"end":{}}],"line":11},"2":{"loc":{"start":{"line":18,"column":18},"end":{"line":18,"column":62}},"type":"cond-expr","locations":[{"start":{"line":18,"column":45},"end":{"line":18,"column":49}},{"start":{"line":18,"column":52},"end":{"line":18,"column":62}}],"line":18},"3":{"loc":{"start":{"line":20,"column":4},"end":{"line":25,"column":5}},"type":"if","locations":[{"start":{"line":20,"column":4},"end":{"line":25,"column":5}},{"start":{},"end":{}}],"line":20}},"s":{"0":11,"1":11,"2":11,"3":13,"4":20,"5":20,"6":1,"7":1,"8":19,"9":6,"10":6,"11":13,"12":13,"13":1,"14":1,"15":12,"16":12,"17":12,"18":20},"f":{"0":13,"1":20,"2":20},"b":{"0":[1,19],"1":[6,13],"2":[11,2],"3":[1,12]},"_coverageSchema":"1a1c01bbd47fc00a2c39e90264f33305004495a9","hash":"f56acd12bb12348a6418e25de97459bb4c665a88"}
,"D:\\CCP\\CCP555-2025F-NSC-Daniel-Park-dpark39-Lab2\\fragments\\src\\auth\\basic-auth.js": {"path":"D:\\CCP\\CCP555-2025F-NSC-Daniel-Park-dpark39-Lab2\\fragments\\src\\auth\\basic-auth.js","statementMap":{"0":{"start":{"line":2,"column":13},"end":{"line":2,"column":33}},"1":{"start":{"line":3,"column":21},"end":{"line":3,"column":50}},"2":{"start":{"line":4,"column":15},"end":{"line":4,"column":35}},"3":{"start":{"line":5,"column":18},"end":{"line":5,"column":46}},"4":{"start":{"line":8,"column":0},"end":{"line":10,"column":1}},"5":{"start":{"line":9,"column":2},"end":{"line":9,"column":61}},"6":{"start":{"line":12,"column":0},"end":{"line":12,"column":46}},"7":{"start":{"line":14,"column":0},"end":{"line":19,"column":4}},"8":{"start":{"line":15,"column":2},"end":{"line":19,"column":3}},"9":{"start":{"line":22,"column":0},"end":{"line":22,"column":54}},"10":{"start":{"line":22,"column":36},"end":{"line":22,"column":53}}},"fnMap":{"0":{"name":"(anonymous_0)","decl":{"start":{"line":14,"column":26},"end":{"line":14,"column":27}},"loc":{"start":{"line":15,"column":2},"end":{"line":19,"column":3}},"line":15},"1":{"name":"(anonymous_1)","decl":{"start":{"line":22,"column":30},"end":{"line":22,"column":31}},"loc":{"start":{"line":22,"column":36},"end":{"line":22,"column":53}},"line":22}},"branchMap":{"0":{"loc":{"start":{"line":8,"column":0},"end":{"line":10,"column":1}},"type":"if","locations":[{"start":{"line":8,"column":0},"end":{"line":10,"column":1}},{"start":{},"end":{}}],"line":8}},"s":{"0":7,"1":7,"2":7,"3":7,"4":7,"5":0,"6":7,"7":7,"8":6,"9":7,"10":6},"f":{"0":6,"1":6},"b":{"0":[0,7]},"_coverageSchema":"1a1c01bbd47fc00a2c39e90264f33305004495a9","hash":"e3919a4c483943b0de4dc633c944f796454cece4"}
,"D:\\CCP\\CCP555-2025F-NSC-Daniel-Park-dpark39-Lab2\\fragments\\src\\auth\\index.js": {"path":"D:\\CCP\\CCP555-2025F-NSC-Daniel-Park-dpark39-Lab2\\fragments\\src\\auth\\index.js","statementMap":{"0":{"start":{"line":7,"column":0},"end":{"line":15,"column":1}},"1":{"start":{"line":12,"column":2},"end":{"line":14,"column":4}},"2":{"start":{"line":18,"column":0},"end":{"line":26,"column":1}},"3":{"start":{"line":23,"column":2},"end":{"line":25,"column":4}},"4":{"start":{"line":29,"column":0},"end":{"line":36,"column":1}},"5":{"start":{"line":30,"column":2},"end":{"line":30,"column":40}},"6":{"start":{"line":31,"column":7},"end":{"line":36,"column":1}},"7":{"start":{"line":33,"column":2},"end":{"line":33,"column":43}},"8":{"start":{"line":35,"column":2},"end":{"line":35,"column":76}}},"fnMap":{},"branchMap":{"0":{"loc":{"start":{"line":7,"column":0},"end":{"line":15,"column":1}},"type":"if","locations":[{"start":{"line":7,"column":0},"end":{"line":15,"column":1}},{"start":{},"end":{}}],"line":7},"1":{"loc":{"start":{"line":8,"column":2},"end":{"line":10,"column":27}},"type":"binary-expr","locations":[{"start":{"line":8,"column":2},"end":{"line":8,"column":33}},{"start":{"line":9,"column":2},"end":{"line":9,"column":35}},{"start":{"line":10,"column":2},"end":{"line":10,"column":27}}],"line":8},"2":{"loc":{"start":{"line":18,"column":0},"end":{"line":26,"column":1}},"type":"if","locations":[{"start":{"line":18,"column":0},"end":{"line":26,"column":1}},{"start":{},"end":{}}],"line":18},"3":{"loc":{"start":{"line":19,"column":2},"end":{"line":21,"column":27}},"type":"binary-expr","locations":[{"start":{"line":19,"column":2},"end":{"line":19,"column":33}},{"start":{"line":20,"column":2},"end":{"line":20,"column":35}},{"start":{"line":21,"column":2},"end":{"line":21,"column":27}}],"line":19},"4":{"loc":{"start":{"line":29,"column":0},"end":{"line":36,"column":1}},"type":"if","locations":[{"start":{"line":29,"column":0},"end":{"line":36,"column":1}},{"start":{"line":31,"column":7},"end":{"line":36,"column":1}}],"line":29},"5":{"loc":{"start":{"line":29,"column":4},"end":{"line":29,"column":72}},"type":"binary-expr","locations":[{"start":{"line":29,"column":4},"end":{"line":29,"column":35}},{"start":{"line":29,"column":39},"end":{"line":29,"column":72}}],"line":29},"6":{"loc":{"start":{"line":31,"column":7},"end":{"line":36,"column":1}},"type":"if","locations":[{"start":{"line":31,"column":7},"end":{"line":36,"column":1}},{"start":{"line":34,"column":7},"end":{"line":36,"column":1}}],"line":31},"7":{"loc":{"start":{"line":31,"column":11},"end":{"line":31,"column":77}},"type":"binary-expr","locations":[{"start":{"line":31,"column":11},"end":{"line":31,"column":36}},{"start":{"line":31,"column":40},"end":{"line":31,"column":77}}],"line":31}},"s":{"0":10,"1":1,"2":9,"3":0,"4":9,"5":1,"6":8,"7":7,"8":1},"f":{},"b":{"0":[1,9],"1":[10,2,2],"2":[0,9],"3":[9,1,1],"4":[1,8],"5":[9,1],"6":[7,1],"7":[8,7]},"_coverageSchema":"1a1c01bbd47fc00a2c39e90264f33305004495a9","hash":"7a56b7f3b5a691a3a8e9946e323011cf96b6dc5e"}
,"D:\\CCP\\CCP555-2025F-NSC-Daniel-Park-dpark39-Lab2\\fragments\\src\\model\\fragment.js": {"path":"D:\\CCP\\CCP555-2025F-NSC-Daniel-Park-dpark39-Lab2\\fragments\\src\\model\\fragment.js","statementMap":{"0":{"start":{"line":3,"column":15},"end":{"line":3,"column":32}},"1":{"start":{"line":4,"column":14},"end":{"line":4,"column":31}},"2":{"start":{"line":7,"column":24},"end":{"line":13,"column":2}},"3":{"start":{"line":17,"column":4},"end":{"line":17,"column":54}},"4":{"start":{"line":17,"column":18},"end":{"line":17,"column":54}},"5":{"start":{"line":18,"column":4},"end":{"line":20,"column":5}},"6":{"start":{"line":19,"column":6},"end":{"line":19,"column":51}},"7":{"start":{"line":22,"column":4},"end":{"line":22,"column":27}},"8":{"start":{"line":23,"column":4},"end":{"line":23,"column":21}},"9":{"start":{"line":24,"column":4},"end":{"line":24,"column":40}},"10":{"start":{"line":26,"column":16},"end":{"line":26,"column":40}},"11":{"start":{"line":27,"column":4},"end":{"line":27,"column":34}},"12":{"start":{"line":28,"column":4},"end":{"line":28,"column":34}},"13":{"start":{"line":29,"column":4},"end":{"line":29,"column":21}},"14":{"start":{"line":30,"column":4},"end":{"line":30,"column":19}},"15":{"start":{"line":34,"column":4},"end":{"line":34,"column":28}},"16":{"start":{"line":34,"column":15},"end":{"line":34,"column":28}},"17":{"start":{"line":36,"column":17},"end":{"line":36,"column":42}},"18":{"start":{"line":37,"column":4},"end":{"line":37,"column":66}},"19":{"start":{"line":42,"column":17},"end":{"line":42,"column":54}},"20":{"start":{"line":43,"column":4},"end":{"line":43,"column":44}},"21":{"start":{"line":48,"column":4},"end":{"line":48,"column":48}},"22":{"start":{"line":53,"column":4},"end":{"line":53,"column":45}},"23":{"start":{"line":58,"column":4},"end":{"line":61,"column":5}},"24":{"start":{"line":59,"column":6},"end":{"line":59,"column":48}},"25":{"start":{"line":60,"column":6},"end":{"line":60,"column":71}},"26":{"start":{"line":62,"column":4},"end":{"line":62,"column":44}},"27":{"start":{"line":63,"column":4},"end":{"line":63,"column":43}},"28":{"start":{"line":64,"column":4},"end":{"line":64,"column":16}},"29":{"start":{"line":69,"column":4},"end":{"line":69,"column":57}},"30":{"start":{"line":73,"column":0},"end":{"line":73,"column":26}}},"fnMap":{"0":{"name":"(anonymous_0)","decl":{"start":{"line":16,"column":2},"end":{"line":16,"column":3}},"loc":{"start":{"line":16,"column":78},"end":{"line":31,"column":3}},"line":16},"1":{"name":"(anonymous_1)","decl":{"start":{"line":33,"column":2},"end":{"line":33,"column":3}},"loc":{"start":{"line":33,"column":31},"end":{"line":38,"column":3}},"line":33},"2":{"name":"(anonymous_2)","decl":{"start":{"line":41,"column":2},"end":{"line":41,"column":3}},"loc":{"start":{"line":41,"column":33},"end":{"line":44,"column":3}},"line":41},"3":{"name":"(anonymous_3)","decl":{"start":{"line":47,"column":2},"end":{"line":47,"column":3}},"loc":{"start":{"line":47,"column":47},"end":{"line":49,"column":3}},"line":47},"4":{"name":"(anonymous_4)","decl":{"start":{"line":52,"column":2},"end":{"line":52,"column":3}},"loc":{"start":{"line":52,"column":35},"end":{"line":54,"column":3}},"line":52},"5":{"name":"(anonymous_5)","decl":{"start":{"line":57,"column":2},"end":{"line":57,"column":3}},"loc":{"start":{"line":57,"column":25},"end":{"line":65,"column":3}},"line":57},"6":{"name":"(anonymous_6)","decl":{"start":{"line":68,"column":2},"end":{"line":68,"column":3}},"loc":{"start":{"line":68,"column":15},"end":{"line":70,"column":3}},"line":68}},"branchMap":{"0":{"loc":{"start":{"line":16,"column":53},"end":{"line":16,"column":61}},"type":"default-arg","locations":[{"start":{"line":16,"column":60},"end":{"line":16,"column":61}}],"line":16},"1":{"loc":{"start":{"line":16,"column":63},"end":{"line":16,"column":74}},"type":"default-arg","locations":[{"start":{"line":16,"column":69},"end":{"line":16,"column":74}}],"line":16},"2":{"loc":{"start":{"line":17,"column":4},"end":{"line":17,"column":54}},"type":"if","locations":[{"start":{"line":17,"column":4},"end":{"line":17,"column":54}},{"start":{},"end":{}}],"line":17},"3":{"loc":{"start":{"line":18,"column":4},"end":{"line":20,"column":5}},"type":"if","locations":[{"start":{"line":18,"column":4},"end":{"line":20,"column":5}},{"start":{},"end":{}}],"line":18},"4":{"loc":{"start":{"line":24,"column":14},"end":{"line":24,"column":39}},"type":"binary-expr","locations":[{"start":{"line":24,"column":14},"end":{"line":24,"column":16}},{"start":{"line":24,"column":20},"end":{"line":24,"column":39}}],"line":24},"5":{"loc":{"start":{"line":27,"column":19},"end":{"line":27,"column":33}},"type":"binary-expr","locations":[{"start":{"line":27,"column":19},"end":{"line":27,"column":26}},{"start":{"line":27,"column":30},"end":{"line":27,"column":33}}],"line":27},"6":{"loc":{"start":{"line":28,"column":19},"end":{"line":28,"column":33}},"type":"binary-expr","locations":[{"start":{"line":28,"column":19},"end":{"line":28,"column":26}},{"start":{"line":28,"column":30},"end":{"line":28,"column":33}}],"line":28},"7":{"loc":{"start":{"line":34,"column":4},"end":{"line":34,"column":28}},"type":"if","locations":[{"start":{"line":34,"column":4},"end":{"line":34,"column":28}},{"start":{},"end":{}}],"line":34},"8":{"loc":{"start":{"line":37,"column":11},"end":{"line":37,"column":65}},"type":"binary-expr","locations":[{"start":{"line":37,"column":11},"end":{"line":37,"column":36}},{"start":{"line":37,"column":40},"end":{"line":37,"column":65}}],"line":37},"9":{"loc":{"start":{"line":43,"column":11},"end":{"line":43,"column":43}},"type":"cond-expr","locations":[{"start":{"line":43,"column":18},"end":{"line":43,"column":36}},{"start":{"line":43,"column":39},"end":{"line":43,"column":43}}],"line":43},"10":{"loc":{"start":{"line":47,"column":31},"end":{"line":47,"column":45}},"type":"default-arg","locations":[{"start":{"line":47,"column":40},"end":{"line":47,"column":45}}],"line":47},"11":{"loc":{"start":{"line":58,"column":4},"end":{"line":61,"column":5}},"type":"if","locations":[{"start":{"line":58,"column":4},"end":{"line":61,"column":5}},{"start":{},"end":{}}],"line":58}},"s":{"0":7,"1":7,"2":7,"3":8,"4":0,"5":8,"6":0,"7":8,"8":8,"9":8,"10":8,"11":8,"12":8,"13":8,"14":8,"15":14,"16":0,"17":14,"18":14,"19":6,"20":6,"21":2,"22":1,"23":5,"24":5,"25":5,"26":5,"27":5,"28":5,"29":1,"30":7},"f":{"0":8,"1":14,"2":6,"3":2,"4":1,"5":5,"6":1},"b":{"0":[5],"1":[5],"2":[0,8],"3":[0,8],"4":[8,5],"5":[8,5],"6":[8,5],"7":[0,14],"8":[14,2],"9":[3,3],"10":[1],"11":[5,0]},"_coverageSchema":"1a1c01bbd47fc00a2c39e90264f33305004495a9","hash":"a2851a7117881ffa6c470c3b1e25bc1b091f17de"}
,"D:\\CCP\\CCP555-2025F-NSC-Daniel-Park-dpark39-Lab2\\fragments\\src\\model\\data\\index.js": {"path":"D:\\CCP\\CCP555-2025F-NSC-Daniel-Park-dpark39-Lab2\\fragments\\src\\model\\data\\index.js","statementMap":{"0":{"start":{"line":1,"column":0},"end":{"line":1,"column":81}}},"fnMap":{},"branchMap":{"0":{"loc":{"start":{"line":1,"column":17},"end":{"line":1,"column":80}},"type":"cond-expr","locations":[{"start":{"line":1,"column":42},"end":{"line":1,"column":58}},{"start":{"line":1,"column":61},"end":{"line":1,"column":80}}],"line":1}},"s":{"0":8},"f":{},"b":{"0":[0,8]},"_coverageSchema":"1a1c01bbd47fc00a2c39e90264f33305004495a9","hash":"b7bc923905619215df1eaa7b263d1c656f473bd8"}
,"D:\\CCP\\CCP555-2025F-NSC-Daniel-Park-dpark39-Lab2\\fragments\\src\\model\\data\\memory\\index.js": {"path":"D:\\CCP\\CCP555-2025F-NSC-Daniel-Park-dpark39-Lab2\\fragments\\src\\model\\data\\memory\\index.js","statementMap":{"0":{"start":{"line":3,"column":17},"end":{"line":3,"column":39}},"1":{"start":{"line":6,"column":11},"end":{"line":6,"column":25}},"2":{"start":{"line":10,"column":15},"end":{"line":10,"column":34}},"3":{"start":{"line":11,"column":21},"end":{"line":11,"column":44}},"4":{"start":{"line":12,"column":21},"end":{"line":12,"column":34}},"5":{"start":{"line":13,"column":2},"end":{"line":13,"column":54}},"6":{"start":{"line":18,"column":2},"end":{"line":18,"column":37}},"7":{"start":{"line":23,"column":2},"end":{"line":23,"column":47}},"8":{"start":{"line":28,"column":2},"end":{"line":28,"column":41}},"9":{"start":{"line":33,"column":2},"end":{"line":35,"column":4}},"10":{"start":{"line":34,"column":4},"end":{"line":34,"column":51}},"11":{"start":{"line":34,"column":46},"end":{"line":34,"column":50}},"12":{"start":{"line":40,"column":2},"end":{"line":40,"column":40}},"13":{"start":{"line":43,"column":0},"end":{"line":50,"column":2}}},"fnMap":{"0":{"name":"writeFragment","decl":{"start":{"line":9,"column":9},"end":{"line":9,"column":22}},"loc":{"start":{"line":9,"column":46},"end":{"line":14,"column":1}},"line":9},"1":{"name":"readFragment","decl":{"start":{"line":17,"column":9},"end":{"line":17,"column":21}},"loc":{"start":{"line":17,"column":35},"end":{"line":19,"column":1}},"line":17},"2":{"name":"writeFragmentData","decl":{"start":{"line":22,"column":9},"end":{"line":22,"column":26}},"loc":{"start":{"line":22,"column":46},"end":{"line":24,"column":1}},"line":22},"3":{"name":"readFragmentData","decl":{"start":{"line":27,"column":9},"end":{"line":27,"column":25}},"loc":{"start":{"line":27,"column":39},"end":{"line":29,"column":1}},"line":27},"4":{"name":"listFragments","decl":{"start":{"line":32,"column":9},"end":{"line":32,"column":22}},"loc":{"start":{"line":32,"column":48},"end":{"line":36,"column":1}},"line":32},"5":{"name":"(anonymous_5)","decl":{"start":{"line":33,"column":40},"end":{"line":33,"column":41}},"loc":{"start":{"line":34,"column":4},"end":{"line":34,"column":51}},"line":34},"6":{"name":"(anonymous_6)","decl":{"start":{"line":34,"column":39},"end":{"line":34,"column":40}},"loc":{"start":{"line":34,"column":46},"end":{"line":34,"column":50}},"line":34},"7":{"name":"deleteFragment","decl":{"start":{"line":39,"column":9},"end":{"line":39,"column":23}},"loc":{"start":{"line":39,"column":37},"end":{"line":41,"column":1}},"line":39}},"branchMap":{"0":{"loc":{"start":{"line":10,"column":15},"end":{"line":10,"column":34}},"type":"binary-expr","locations":[{"start":{"line":10,"column":15},"end":{"line":10,"column":23}},{"start":{"line":10,"column":27},"end":{"line":10,"column":34}}],"line":10},"1":{"loc":{"start":{"line":11,"column":21},"end":{"line":11,"column":44}},"type":"binary-expr","locations":[{"start":{"line":11,"column":21},"end":{"line":11,"column":33}},{"start":{"line":11,"column":37},"end":{"line":11,"column":44}}],"line":11},"2":{"loc":{"start":{"line":12,"column":21},"end":{"line":12,"column":34}},"type":"binary-expr","locations":[{"start":{"line":12,"column":21},"end":{"line":12,"column":28}},{"start":{"line":12,"column":32},"end":{"line":12,"column":34}}],"line":12},"3":{"loc":{"start":{"line":32,"column":32},"end":{"line":32,"column":46}},"type":"default-arg","locations":[{"start":{"line":32,"column":41},"end":{"line":32,"column":46}}],"line":32},"4":{"loc":{"start":{"line":34,"column":4},"end":{"line":34,"column":51}},"type":"cond-expr","locations":[{"start":{"line":34,"column":13},"end":{"line":34,"column":22}},{"start":{"line":34,"column":25},"end":{"line":34,"column":51}}],"line":34}},"s":{"0":8,"1":8,"2":6,"3":6,"4":6,"5":6,"6":7,"7":6,"8":2,"9":2,"10":2,"11":1,"12":1,"13":8},"f":{"0":6,"1":7,"2":6,"3":2,"4":2,"5":2,"6":1,"7":1},"b":{"0":[6,5],"1":[6,0],"2":[6,0],"3":[0],"4":[0,2]},"_coverageSchema":"1a1c01bbd47fc00a2c39e90264f33305004495a9","hash":"6d158460a36101940c412d8f03bf082668181e6c"}
,"D:\\CCP\\CCP555-2025F-NSC-Daniel-Park-dpark39-Lab2\\fragments\\src\\model\\data\\memory\\memory-db.js": {"path":"D:\\CCP\\CCP555-2025F-NSC-Daniel-Park-dpark39-Lab2\\fragments\\src\\model\\data\\memory\\memory-db.js","statementMap":{"0":{"start":{"line":4,"column":19},"end":{"line":4,"column":28}},"1":{"start":{"line":5,"column":14},"end":{"line":5,"column":23}},"2":{"start":{"line":10,"column":4},"end":{"line":10,"column":32}},"3":{"start":{"line":11,"column":4},"end":{"line":11,"column":22}},"4":{"start":{"line":15,"column":4},"end":{"line":15,"column":30}},"5":{"start":{"line":21,"column":16},"end":{"line":21,"column":38}},"6":{"start":{"line":22,"column":4},"end":{"line":22,"column":45}},"7":{"start":{"line":23,"column":4},"end":{"line":23,"column":20}},"8":{"start":{"line":27,"column":16},"end":{"line":27,"column":38}},"9":{"start":{"line":28,"column":4},"end":{"line":28,"column":35}},"10":{"start":{"line":32,"column":20},"end":{"line":32,"column":22}},"11":{"start":{"line":33,"column":4},"end":{"line":38,"column":5}},"12":{"start":{"line":34,"column":20},"end":{"line":34,"column":34}},"13":{"start":{"line":35,"column":6},"end":{"line":37,"column":7}},"14":{"start":{"line":36,"column":8},"end":{"line":36,"column":28}},"15":{"start":{"line":39,"column":4},"end":{"line":39,"column":19}},"16":{"start":{"line":43,"column":16},"end":{"line":43,"column":38}},"17":{"start":{"line":44,"column":4},"end":{"line":44,"column":31}},"18":{"start":{"line":50,"column":16},"end":{"line":50,"column":38}},"19":{"start":{"line":51,"column":16},"end":{"line":51,"column":64}},"20":{"start":{"line":52,"column":4},"end":{"line":52,"column":28}},"21":{"start":{"line":53,"column":4},"end":{"line":53,"column":15}},"22":{"start":{"line":57,"column":16},"end":{"line":57,"column":38}},"23":{"start":{"line":58,"column":4},"end":{"line":58,"column":30}},"24":{"start":{"line":62,"column":16},"end":{"line":62,"column":38}},"25":{"start":{"line":63,"column":4},"end":{"line":63,"column":26}},"26":{"start":{"line":67,"column":4},"end":{"line":67,"column":40}},"27":{"start":{"line":72,"column":4},"end":{"line":72,"column":40}},"28":{"start":{"line":73,"column":4},"end":{"line":73,"column":44}},"29":{"start":{"line":78,"column":0},"end":{"line":78,"column":26}},"30":{"start":{"line":80,"column":0},"end":{"line":80,"column":39}},"31":{"start":{"line":81,"column":0},"end":{"line":81,"column":29}}},"fnMap":{"0":{"name":"(anonymous_0)","decl":{"start":{"line":8,"column":2},"end":{"line":8,"column":3}},"loc":{"start":{"line":8,"column":16},"end":{"line":12,"column":3}},"line":8},"1":{"name":"(anonymous_1)","decl":{"start":{"line":14,"column":2},"end":{"line":14,"column":3}},"loc":{"start":{"line":14,"column":20},"end":{"line":16,"column":3}},"line":14},"2":{"name":"(anonymous_2)","decl":{"start":{"line":20,"column":2},"end":{"line":20,"column":3}},"loc":{"start":{"line":20,"column":43},"end":{"line":24,"column":3}},"line":20},"3":{"name":"(anonymous_3)","decl":{"start":{"line":26,"column":2},"end":{"line":26,"column":3}},"loc":{"start":{"line":26,"column":33},"end":{"line":29,"column":3}},"line":26},"4":{"name":"(anonymous_4)","decl":{"start":{"line":31,"column":2},"end":{"line":31,"column":3}},"loc":{"start":{"line":31,"column":32},"end":{"line":40,"column":3}},"line":31},"5":{"name":"(anonymous_5)","decl":{"start":{"line":42,"column":2},"end":{"line":42,"column":3}},"loc":{"start":{"line":42,"column":33},"end":{"line":45,"column":3}},"line":42},"6":{"name":"(anonymous_6)","decl":{"start":{"line":49,"column":2},"end":{"line":49,"column":3}},"loc":{"start":{"line":49,"column":43},"end":{"line":54,"column":3}},"line":49},"7":{"name":"(anonymous_7)","decl":{"start":{"line":56,"column":2},"end":{"line":56,"column":3}},"loc":{"start":{"line":56,"column":37},"end":{"line":59,"column":3}},"line":56},"8":{"name":"(anonymous_8)","decl":{"start":{"line":61,"column":2},"end":{"line":61,"column":3}},"loc":{"start":{"line":61,"column":37},"end":{"line":64,"column":3}},"line":61},"9":{"name":"(anonymous_9)","decl":{"start":{"line":66,"column":2},"end":{"line":66,"column":3}},"loc":{"start":{"line":66,"column":31},"end":{"line":68,"column":3}},"line":66},"10":{"name":"(anonymous_10)","decl":{"start":{"line":71,"column":2},"end":{"line":71,"column":3}},"loc":{"start":{"line":71,"column":36},"end":{"line":74,"column":3}},"line":71}},"branchMap":{"0":{"loc":{"start":{"line":35,"column":6},"end":{"line":37,"column":7}},"type":"if","locations":[{"start":{"line":35,"column":6},"end":{"line":37,"column":7}},{"start":{},"end":{}}],"line":35},"1":{"loc":{"start":{"line":51,"column":16},"end":{"line":51,"column":64}},"type":"cond-expr","locations":[{"start":{"line":51,"column":40},"end":{"line":51,"column":44}},{"start":{"line":51,"column":47},"end":{"line":51,"column":64}}],"line":51}},"s":{"0":9,"1":9,"2":8,"3":8,"4":23,"5":6,"6":6,"7":6,"8":7,"9":7,"10":2,"11":2,"12":2,"13":2,"14":1,"15":2,"16":1,"17":1,"18":6,"19":6,"20":6,"21":6,"22":2,"23":2,"24":1,"25":1,"26":2,"27":1,"28":1,"29":9,"30":9,"31":9},"f":{"0":8,"1":23,"2":6,"3":7,"4":2,"5":1,"6":6,"7":2,"8":1,"9":2,"10":1},"b":{"0":[1,1],"1":[6,0]},"_coverageSchema":"1a1c01bbd47fc00a2c39e90264f33305004495a9","hash":"c2762fef7add90ece83a84fdded672e4ef9af6a2"}
,"D:\\CCP\\CCP555-2025F-NSC-Daniel-Park-dpark39-Lab2\\fragments\\src\\routes\\index.js": {"path":"D:\\CCP\\CCP555-2025F-NSC-Daniel-Park-dpark39-Lab2\\fragments\\src\\routes\\index.js","statementMap":{"0":{"start":{"line":2,"column":16},"end":{"line":2,"column":34}},"1":{"start":{"line":3,"column":15},"end":{"line":3,"column":31}},"2":{"start":{"line":4,"column":28},"end":{"line":4,"column":57}},"3":{"start":{"line":5,"column":25},"end":{"line":5,"column":43}},"4":{"start":{"line":6,"column":21},"end":{"line":6,"column":34}},"5":{"start":{"line":9,"column":0},"end":{"line":18,"column":3}},"6":{"start":{"line":10,"column":2},"end":{"line":10,"column":45}},"7":{"start":{"line":11,"column":2},"end":{"line":17,"column":5}},"8":{"start":{"line":20,"column":0},"end":{"line":20,"column":52}},"9":{"start":{"line":22,"column":0},"end":{"line":22,"column":24}}},"fnMap":{"0":{"name":"(anonymous_0)","decl":{"start":{"line":9,"column":16},"end":{"line":9,"column":17}},"loc":{"start":{"line":9,"column":30},"end":{"line":18,"column":1}},"line":9}},"branchMap":{},"s":{"0":6,"1":6,"2":6,"3":6,"4":6,"5":6,"6":4,"7":4,"8":6,"9":6},"f":{"0":4},"b":{},"_coverageSchema":"1a1c01bbd47fc00a2c39e90264f33305004495a9","hash":"5c43af44640fe41382f53772cefb0af3934c9161"}
,"D:\\CCP\\CCP555-2025F-NSC-Daniel-Park-dpark39-Lab2\\fragments\\src\\routes\\api\\delete.js": {"path":"D:\\CCP\\CCP555-2025F-NSC-Daniel-Park-dpark39-Lab2\\fragments\\src\\routes\\api\\delete.js","statementMap":{"0":{"start":{"line":3,"column":17},"end":{"line":3,"column":48}},"1":{"start":{"line":4,"column":55},"end":{"line":4,"column":80}},"2":{"start":{"line":6,"column":0},"end":{"line":20,"column":2}},"3":{"start":{"line":7,"column":17},"end":{"line":7,"column":27}},"4":{"start":{"line":8,"column":18},"end":{"line":8,"column":34}},"5":{"start":{"line":11,"column":15},"end":{"line":11,"column":47}},"6":{"start":{"line":12,"column":2},"end":{"line":14,"column":3}},"7":{"start":{"line":13,"column":4},"end":{"line":13,"column":71}},"8":{"start":{"line":17,"column":2},"end":{"line":17,"column":37}},"9":{"start":{"line":19,"column":2},"end":{"line":19,"column":55}}},"fnMap":{"0":{"name":"(anonymous_0)","decl":{"start":{"line":6,"column":17},"end":{"line":6,"column":18}},"loc":{"start":{"line":6,"column":37},"end":{"line":20,"column":1}},"line":6}},"branchMap":{"0":{"loc":{"start":{"line":12,"column":2},"end":{"line":14,"column":3}},"type":"if","locations":[{"start":{"line":12,"column":2},"end":{"line":14,"column":3}},{"start":{},"end":{}}],"line":12}},"s":{"0":6,"1":6,"2":6,"3":2,"4":2,"5":2,"6":2,"7":1,"8":1,"9":1},"f":{"0":2},"b":{"0":[1,1]},"_coverageSchema":"1a1c01bbd47fc00a2c39e90264f33305004495a9","hash":"1d467b6b43dc68ce4d1af34f17aca8245a2307cd"}
,"D:\\CCP\\CCP555-2025F-NSC-Daniel-Park-dpark39-Lab2\\fragments\\src\\routes\\api\\get.js": {"path":"D:\\CCP\\CCP555-2025F-NSC-Daniel-Park-dpark39-Lab2\\fragments\\src\\routes\\api\\get.js","statementMap":{"0":{"start":{"line":3,"column":17},"end":{"line":3,"column":48}},"1":{"start":{"line":4,"column":34},"end":{"line":4,"column":59}},"2":{"start":{"line":6,"column":0},"end":{"line":10,"column":2}},"3":{"start":{"line":7,"column":17},"end":{"line":7,"column":72}},"4":{"start":{"line":8,"column":20},"end":{"line":8,"column":67}},"5":{"start":{"line":9,"column":2},"end":{"line":9,"column":61}}},"fnMap":{"0":{"name":"(anonymous_0)","decl":{"start":{"line":6,"column":17},"end":{"line":6,"column":18}},"loc":{"start":{"line":6,"column":37},"end":{"line":10,"column":1}},"line":6}},"branchMap":{"0":{"loc":{"start":{"line":7,"column":17},"end":{"line":7,"column":72}},"type":"binary-expr","locations":[{"start":{"line":7,"column":17},"end":{"line":7,"column":41}},{"start":{"line":7,"column":45},"end":{"line":7,"column":72}}],"line":7}},"s":{"0":6,"1":6,"2":6,"3":1,"4":1,"5":1},"f":{"0":1},"b":{"0":[1,1]},"_coverageSchema":"1a1c01bbd47fc00a2c39e90264f33305004495a9","hash":"ee14ea5c17f1fb3ff8c9b65d1c1f4ef47ae7c160"}
,"D:\\CCP\\CCP555-2025F-NSC-Daniel-Park-dpark39-Lab2\\fragments\\src\\routes\\api\\index.js": {"path":"D:\\CCP\\CCP555-2025F-NSC-Daniel-Park-dpark39-Lab2\\fragments\\src\\routes\\api\\index.js","statementMap":{"0":{"start":{"line":1,"column":16},"end":{"line":1,"column":34}},"1":{"start":{"line":2,"column":15},"end":{"line":2,"column":31}},"2":{"start":{"line":4,"column":0},"end":{"line":4,"column":43}},"3":{"start":{"line":5,"column":0},"end":{"line":5,"column":47}},"4":{"start":{"line":6,"column":0},"end":{"line":6,"column":45}},"5":{"start":{"line":7,"column":0},"end":{"line":7,"column":53}},"6":{"start":{"line":9,"column":0},"end":{"line":9,"column":24}}},"fnMap":{},"branchMap":{},"s":{"0":6,"1":6,"2":6,"3":6,"4":6,"5":6,"6":6},"f":{},"b":{},"_coverageSchema":"1a1c01bbd47fc00a2c39e90264f33305004495a9","hash":"758326387d273b5e205c47410fbf65434d86adbb"}
,"D:\\CCP\\CCP555-2025F-NSC-Daniel-Park-dpark39-Lab2\\fragments\\src\\routes\\api\\one.js": {"path":"D:\\CCP\\CCP555-2025F-NSC-Daniel-Park-dpark39-Lab2\\fragments\\src\\routes\\api\\one.js","statementMap":{"0":{"start":{"line":3,"column":17},"end":{"line":3,"column":48}},"1":{"start":{"line":4,"column":55},"end":{"line":4,"column":80}},"2":{"start":{"line":6,"column":0},"end":{"line":42,"column":2}},"3":{"start":{"line":7,"column":17},"end":{"line":7,"column":27}},"4":{"start":{"line":9,"column":15},"end":{"line":9,"column":56}},"5":{"start":{"line":10,"column":2},"end":{"line":12,"column":3}},"6":{"start":{"line":11,"column":4},"end":{"line":11,"column":71}},"7":{"start":{"line":14,"column":15},"end":{"line":14,"column":32}},"8":{"start":{"line":15,"column":14},"end":{"line":15,"column":37}},"9":{"start":{"line":16,"column":15},"end":{"line":16,"column":29}},"10":{"start":{"line":25,"column":2},"end":{"line":32,"column":3}},"11":{"start":{"line":30,"column":4},"end":{"line":30,"column":39}},"12":{"start":{"line":31,"column":4},"end":{"line":31,"column":38}},"13":{"start":{"line":36,"column":2},"end":{"line":41,"column":4}}},"fnMap":{"0":{"name":"(anonymous_0)","decl":{"start":{"line":6,"column":17},"end":{"line":6,"column":18}},"loc":{"start":{"line":6,"column":37},"end":{"line":42,"column":1}},"line":6}},"branchMap":{"0":{"loc":{"start":{"line":10,"column":2},"end":{"line":12,"column":3}},"type":"if","locations":[{"start":{"line":10,"column":2},"end":{"line":12,"column":3}},{"start":{},"end":{}}],"line":10},"1":{"loc":{"start":{"line":15,"column":14},"end":{"line":15,"column":37}},"type":"binary-expr","locations":[{"start":{"line":15,"column":14},"end":{"line":15,"column":18}},{"start":{"line":15,"column":22},"end":{"line":15,"column":37}}],"line":15},"2":{"loc":{"start":{"line":25,"column":2},"end":{"line":32,"column":3}},"type":"if","locations":[{"start":{"line":25,"column":2},"end":{"line":32,"column":3}},{"start":{},"end":{}}],"line":25},"3":{"loc":{"start":{"line":26,"column":4},"end":{"line":28,"column":24}},"type":"binary-expr","locations":[{"start":{"line":26,"column":4},"end":{"line":26,"column":13}},{"start":{"line":27,"column":4},"end":{"line":27,"column":51}},{"start":{"line":28,"column":4},"end":{"line":28,"column":24}}],"line":26}},"s":{"0":6,"1":6,"2":6,"3":3,"4":3,"5":3,"6":2,"7":1,"8":1,"9":1,"10":1,"11":0,"12":0,"13":1},"f":{"0":3},"b":{"0":[2,1],"1":[1,0],"2":[0,1],"3":[1,1,1]},"_coverageSchema":"1a1c01bbd47fc00a2c39e90264f33305004495a9","hash":"26ee3227fc8c5c29d4c8bab6ebaeadc55432d52e"}
,"D:\\CCP\\CCP555-2025F-NSC-Daniel-Park-dpark39-Lab2\\fragments\\src\\routes\\api\\post.js": {"path":"D:\\CCP\\CCP555-2025F-NSC-Daniel-Park-dpark39-Lab2\\fragments\\src\\routes\\api\\post.js","statementMap":{"0":{"start":{"line":3,"column":16},"end":{"line":3,"column":34}},"1":{"start":{"line":4,"column":20},"end":{"line":4,"column":43}},"2":{"start":{"line":5,"column":17},"end":{"line":5,"column":48}},"3":{"start":{"line":6,"column":55},"end":{"line":6,"column":80}},"4":{"start":{"line":9,"column":16},"end":{"line":21,"column":4}},"5":{"start":{"line":10,"column":2},"end":{"line":21,"column":4}},"6":{"start":{"line":14,"column":6},"end":{"line":19,"column":7}},"7":{"start":{"line":15,"column":25},"end":{"line":15,"column":47}},"8":{"start":{"line":16,"column":8},"end":{"line":16,"column":46}},"9":{"start":{"line":18,"column":8},"end":{"line":18,"column":21}},"10":{"start":{"line":23,"column":0},"end":{"line":49,"column":2}},"11":{"start":{"line":27,"column":4},"end":{"line":32,"column":5}},"12":{"start":{"line":28,"column":6},"end":{"line":28,"column":70}},"13":{"start":{"line":29,"column":6},"end":{"line":31,"column":66}},"14":{"start":{"line":34,"column":21},"end":{"line":34,"column":43}},"15":{"start":{"line":37,"column":17},"end":{"line":37,"column":66}},"16":{"start":{"line":38,"column":4},"end":{"line":38,"column":30}},"17":{"start":{"line":41,"column":17},"end":{"line":41,"column":68}},"18":{"start":{"line":42,"column":21},"end":{"line":42,"column":73}},"19":{"start":{"line":44,"column":4},"end":{"line":44,"column":34}},"20":{"start":{"line":45,"column":4},"end":{"line":47,"column":62}}},"fnMap":{"0":{"name":"(anonymous_0)","decl":{"start":{"line":9,"column":16},"end":{"line":9,"column":17}},"loc":{"start":{"line":10,"column":2},"end":{"line":21,"column":4}},"line":10},"1":{"name":"(anonymous_1)","decl":{"start":{"line":13,"column":10},"end":{"line":13,"column":11}},"loc":{"start":{"line":13,"column":19},"end":{"line":20,"column":5}},"line":13},"2":{"name":"(anonymous_2)","decl":{"start":{"line":25,"column":2},"end":{"line":25,"column":3}},"loc":{"start":{"line":25,"column":22},"end":{"line":48,"column":3}},"line":25}},"branchMap":{"0":{"loc":{"start":{"line":27,"column":4},"end":{"line":32,"column":5}},"type":"if","locations":[{"start":{"line":27,"column":4},"end":{"line":32,"column":5}},{"start":{},"end":{}}],"line":27},"1":{"loc":{"start":{"line":41,"column":17},"end":{"line":41,"column":68}},"type":"binary-expr","locations":[{"start":{"line":41,"column":17},"end":{"line":41,"column":36}},{"start":{"line":41,"column":40},"end":{"line":41,"column":68}}],"line":41}},"s":{"0":6,"1":6,"2":6,"3":6,"4":6,"5":6,"6":4,"7":4,"8":4,"9":0,"10":6,"11":4,"12":1,"13":1,"14":3,"15":3,"16":3,"17":3,"18":3,"19":3,"20":3},"f":{"0":6,"1":4,"2":4},"b":{"0":[1,3],"1":[3,3]},"_coverageSchema":"1a1c01bbd47fc00a2c39e90264f33305004495a9","hash":"0aa77f058656ec663d1c0dbb48175b3f8e95a7fd"}
}
