TN:
SF:src\app.js
FNF:0
FNH:0
DA:1,6
DA:2,0
DA:5,6
DA:6,6
DA:7,6
DA:8,6
DA:9,6
DA:11,6
DA:12,6
DA:13,6
DA:15,6
DA:18,6
DA:19,6
DA:20,6
DA:21,6
DA:24,6
DA:25,6
DA:28,6
DA:45,6
DA:46,0
DA:49,6
LF:21
LH:19
BRDA:1,0,0,0
BRDA:1,0,1,6
BRDA:45,1,0,0
BRDA:45,1,1,6
BRF:4
BRH:2
end_of_record
TN:
SF:src\hash.js
FN:2,(anonymous_0)
FNF:1
FNH:1
FNDA:14,(anonymous_0)
DA:1,11
DA:2,14
LF:2
LH:2
BRDA:2,0,0,14
BRDA:2,0,1,0
BRF:2
BRH:1
end_of_record
TN:
SF:src\logger.js
FNF:0
FNH:0
DA:1,10
DA:3,10
DA:13,10
LF:3
LH:3
BRDA:3,0,0,10
BRDA:3,0,1,0
BRF:2
BRH:1
end_of_record
TN:
SF:src\response.js
FN:2,(anonymous_0)
FN:6,(anonymous_1)
FNF:2
FNH:2
FNDA:8,(anonymous_0)
FNDA:5,(anonymous_1)
DA:2,7
DA:3,8
DA:6,7
DA:7,5
LF:4
LH:4
BRDA:3,0,0,8
BRDA:3,0,1,2
BRF:2
BRH:2
end_of_record
TN:
SF:src\auth\auth-middleware.js
FN:4,(anonymous_0)
FN:4,(anonymous_1)
FN:5,(anonymous_2)
FNF:3
FNH:3
FNDA:13,(anonymous_0)
FNDA:20,(anonymous_1)
FNDA:20,(anonymous_2)
DA:1,11
DA:2,11
DA:4,13
DA:5,20
DA:6,20
DA:7,1
DA:8,1
DA:11,19
DA:12,6
DA:13,6
DA:18,13
DA:20,13
DA:21,1
DA:22,1
DA:27,12
DA:28,12
DA:29,12
DA:32,20
LF:18
LH:18
BRDA:6,0,0,1
BRDA:6,0,1,19
BRDA:11,1,0,6
BRDA:11,1,1,13
BRDA:18,2,0,11
BRDA:18,2,1,2
BRDA:20,3,0,1
BRDA:20,3,1,12
BRF:8
BRH:8
end_of_record
TN:
SF:src\auth\basic-auth.js
FN:14,(anonymous_0)
FN:22,(anonymous_1)
FNF:2
FNH:2
FNDA:6,(anonymous_0)
FNDA:6,(anonymous_1)
DA:2,7
DA:3,7
DA:4,7
DA:5,7
DA:8,7
DA:9,0
DA:12,7
DA:14,7
DA:15,6
DA:22,7
LF:10
LH:9
BRDA:8,0,0,0
BRDA:8,0,1,7
BRF:2
BRH:1
end_of_record
TN:
SF:src\auth\index.js
FNF:0
FNH:0
DA:7,10
DA:12,1
DA:18,9
DA:23,0
DA:29,9
DA:30,1
DA:31,8
DA:33,7
DA:35,1
LF:9
LH:8
BRDA:7,0,0,1
BRDA:7,0,1,9
BRDA:8,1,0,10
BRDA:8,1,1,2
BRDA:8,1,2,2
BRDA:18,2,0,0
BRDA:18,2,1,9
BRDA:19,3,0,9
BRDA:19,3,1,1
BRDA:19,3,2,1
BRDA:29,4,0,1
BRDA:29,4,1,8
BRDA:29,5,0,9
BRDA:29,5,1,1
BRDA:31,6,0,7
BRDA:31,6,1,1
BRDA:31,7,0,8
BRDA:31,7,1,7
BRF:18
BRH:17
end_of_record
TN:
SF:src\model\fragment.js
FN:16,(anonymous_0)
FN:33,(anonymous_1)
FN:41,(anonymous_2)
FN:47,(anonymous_3)
FN:52,(anonymous_4)
FN:57,(anonymous_5)
FN:68,(anonymous_6)
FNF:7
FNH:7
FNDA:8,(anonymous_0)
FNDA:14,(anonymous_1)
FNDA:6,(anonymous_2)
FNDA:2,(anonymous_3)
FNDA:1,(anonymous_4)
FNDA:5,(anonymous_5)
FNDA:1,(anonymous_6)
DA:3,7
DA:4,7
DA:7,7
DA:17,8
DA:18,8
DA:19,0
DA:22,8
DA:23,8
DA:24,8
DA:26,8
DA:27,8
DA:28,8
DA:29,8
DA:30,8
DA:34,14
DA:36,14
DA:37,14
DA:42,6
DA:43,6
DA:48,2
DA:53,1
DA:58,5
DA:59,5
DA:60,5
DA:62,5
DA:63,5
DA:64,5
DA:69,1
DA:73,7
LF:29
LH:28
BRDA:16,0,0,5
BRDA:16,1,0,5
BRDA:17,2,0,0
BRDA:17,2,1,8
BRDA:18,3,0,0
BRDA:18,3,1,8
BRDA:24,4,0,8
BRDA:24,4,1,5
BRDA:27,5,0,8
BRDA:27,5,1,5
BRDA:28,6,0,8
BRDA:28,6,1,5
BRDA:34,7,0,0
BRDA:34,7,1,14
BRDA:37,8,0,14
BRDA:37,8,1,2
BRDA:43,9,0,3
BRDA:43,9,1,3
BRDA:47,10,0,1
BRDA:58,11,0,5
BRDA:58,11,1,0
BRF:21
BRH:17
end_of_record
TN:
SF:src\model\data\index.js
FNF:0
FNH:0
DA:1,8
LF:1
LH:1
BRDA:1,0,0,0
BRDA:1,0,1,8
BRF:2
BRH:1
end_of_record
TN:
SF:src\model\data\memory\index.js
FN:9,writeFragment
FN:17,readFragment
FN:22,writeFragmentData
FN:27,readFragmentData
FN:32,listFragments
FN:33,(anonymous_5)
FN:34,(anonymous_6)
FN:39,deleteFragment
FNF:8
FNH:8
FNDA:6,writeFragment
FNDA:7,readFragment
FNDA:6,writeFragmentData
FNDA:2,readFragmentData
FNDA:2,listFragments
FNDA:2,(anonymous_5)
FNDA:1,(anonymous_6)
FNDA:1,deleteFragment
DA:3,8
DA:6,8
DA:10,6
DA:11,6
DA:12,6
DA:13,6
DA:18,7
DA:23,6
DA:28,2
DA:33,2
DA:34,2
DA:40,1
DA:43,8
LF:13
LH:13
BRDA:10,0,0,6
BRDA:10,0,1,5
BRDA:11,1,0,6
BRDA:11,1,1,0
BRDA:12,2,0,6
BRDA:12,2,1,0
BRDA:32,3,0,0
BRDA:34,4,0,0
BRDA:34,4,1,2
BRF:9
BRH:5
end_of_record
TN:
SF:src\model\data\memory\memory-db.js
FN:8,(anonymous_0)
FN:14,(anonymous_1)
FN:20,(anonymous_2)
FN:26,(anonymous_3)
FN:31,(anonymous_4)
FN:42,(anonymous_5)
FN:49,(anonymous_6)
FN:56,(anonymous_7)
FN:61,(anonymous_8)
FN:66,(anonymous_9)
FN:71,(anonymous_10)
FNF:11
FNH:11
FNDA:8,(anonymous_0)
FNDA:23,(anonymous_1)
FNDA:6,(anonymous_2)
FNDA:7,(anonymous_3)
FNDA:2,(anonymous_4)
FNDA:1,(anonymous_5)
FNDA:6,(anonymous_6)
FNDA:2,(anonymous_7)
FNDA:1,(anonymous_8)
FNDA:2,(anonymous_9)
FNDA:1,(anonymous_10)
DA:4,9
DA:5,9
DA:10,8
DA:11,8
DA:15,23
DA:21,6
DA:22,6
DA:23,6
DA:27,7
DA:28,7
DA:32,2
DA:33,2
DA:34,2
DA:35,2
DA:36,1
DA:39,2
DA:43,1
DA:44,1
DA:50,6
DA:51,6
DA:52,6
DA:53,6
DA:57,2
DA:58,2
DA:62,1
DA:63,1
DA:67,2
DA:72,1
DA:73,1
DA:78,9
DA:80,9
DA:81,9
LF:32
LH:32
BRDA:35,0,0,1
BRDA:35,0,1,1
BRDA:51,1,0,6
BRDA:51,1,1,0
BRF:4
BRH:3
end_of_record
TN:
SF:src\routes\index.js
FN:9,(anonymous_0)
FNF:1
FNH:1
FNDA:4,(anonymous_0)
DA:2,6
DA:3,6
DA:4,6
DA:5,6
DA:6,6
DA:9,6
DA:10,4
DA:11,4
DA:20,6
DA:22,6
LF:10
LH:10
BRF:0
BRH:0
end_of_record
TN:
SF:src\routes\api\delete.js
FN:6,(anonymous_0)
FNF:1
FNH:1
FNDA:2,(anonymous_0)
DA:3,6
DA:4,6
DA:6,6
DA:7,2
DA:8,2
DA:11,2
DA:12,2
DA:13,1
DA:17,1
DA:19,1
LF:10
LH:10
BRDA:12,0,0,1
BRDA:12,0,1,1
BRF:2
BRH:2
end_of_record
TN:
SF:src\routes\api\get.js
FN:6,(anonymous_0)
FNF:1
FNH:1
FNDA:1,(anonymous_0)
DA:3,6
DA:4,6
DA:6,6
DA:7,1
DA:8,1
DA:9,1
LF:6
LH:6
BRDA:7,0,0,1
BRDA:7,0,1,1
BRF:2
BRH:2
end_of_record
TN:
SF:src\routes\api\index.js
FNF:0
FNH:0
DA:1,6
DA:2,6
DA:4,6
DA:5,6
DA:6,6
DA:7,6
DA:9,6
LF:7
LH:7
BRF:0
BRH:0
end_of_record
TN:
SF:src\routes\api\one.js
FN:6,(anonymous_0)
FNF:1
FNH:1
FNDA:3,(anonymous_0)
DA:3,6
DA:4,6
DA:6,6
DA:7,3
DA:9,3
DA:10,3
DA:11,2
DA:14,1
DA:15,1
DA:16,1
DA:25,1
DA:30,0
DA:31,0
DA:36,1
LF:14
LH:12
BRDA:10,0,0,2
BRDA:10,0,1,1
BRDA:15,1,0,1
BRDA:15,1,1,0
BRDA:25,2,0,0
BRDA:25,2,1,1
BRDA:26,3,0,1
BRDA:26,3,1,1
BRDA:26,3,2,1
BRF:9
BRH:7
end_of_record
TN:
SF:src\routes\api\post.js
FN:9,(anonymous_0)
FN:13,(anonymous_1)
FN:25,(anonymous_2)
FNF:3
FNH:3
FNDA:6,(anonymous_0)
FNDA:4,(anonymous_1)
FNDA:4,(anonymous_2)
DA:3,6
DA:4,6
DA:5,6
DA:6,6
DA:9,6
DA:10,6
DA:14,4
DA:15,4
DA:16,4
DA:18,0
DA:23,6
DA:27,4
DA:28,1
DA:29,1
DA:34,3
DA:37,3
DA:38,3
DA:41,3
DA:42,3
DA:44,3
DA:45,3
LF:21
LH:20
BRDA:27,0,0,1
BRDA:27,0,1,3
BRDA:41,1,0,3
BRDA:41,1,1,3
BRF:4
BRH:4
end_of_record
